#! /usr/bin/vvp
:ivl_version "11.0 (stable)";
:ivl_delay_selection "TYPICAL";
:vpi_time_precision + 0;
:vpi_module "/usr/lib/x86_64-linux-gnu/ivl/system.vpi";
:vpi_module "/usr/lib/x86_64-linux-gnu/ivl/vhdl_sys.vpi";
:vpi_module "/usr/lib/x86_64-linux-gnu/ivl/vhdl_textio.vpi";
:vpi_module "/usr/lib/x86_64-linux-gnu/ivl/v2005_math.vpi";
:vpi_module "/usr/lib/x86_64-linux-gnu/ivl/va_math.vpi";
S_0x563bdd9aedf0 .scope module, "counter" "counter" 2 15;
 .timescale 0 0;
    .port_info 0 /INPUT 1 "clk";
    .port_info 1 /INPUT 1 "rst";
    .port_info 2 /OUTPUT 32 "count";
o0x7f9eaadcf018 .functor BUFZ 1, C4<z>; HiZ drive
v0x563bdd9b0ba0_0 .net "clk", 0 0, o0x7f9eaadcf018;  0 drivers
v0x563bdd9f6460_0 .var "count", 31 0;
o0x7f9eaadcf078 .functor BUFZ 1, C4<z>; HiZ drive
v0x563bdd9f6540_0 .net "rst", 0 0, o0x7f9eaadcf078;  0 drivers
E_0x563bdd9e79e0 .event posedge, v0x563bdd9f6540_0, v0x563bdd9b0ba0_0;
    .scope S_0x563bdd9aedf0;
T_0 ;
    %wait E_0x563bdd9e79e0;
    %load/vec4 v0x563bdd9f6540_0;
    %flag_set/vec4 8;
    %jmp/0xz  T_0.0, 8;
    %pushi/vec4 0, 0, 32;
    %assign/vec4 v0x563bdd9f6460_0, 0;
    %jmp T_0.1;
T_0.0 ;
    %load/vec4 v0x563bdd9f6460_0;
    %addi 1, 0, 32;
    %assign/vec4 v0x563bdd9f6460_0, 0;
T_0.1 ;
    %jmp T_0;
    .thread T_0;
# The file index is used to find the file name in the following table.
:file_names 3;
    "N/A";
    "<interactive>";
    "counter.v";
